{"/Users/drewwilson/Desktop/coding_personal/algo_data_structure_course/jest_testing/cloneArray.js": {"path":"/Users/drewwilson/Desktop/coding_personal/algo_data_structure_course/jest_testing/cloneArray.js","statementMap":{"0":{"start":{"line":1,"column":19},"end":{"line":3,"column":1}},"1":{"start":{"line":2,"column":4},"end":{"line":2,"column":19}},"2":{"start":{"line":4,"column":0},"end":{"line":4,"column":28}}},"fnMap":{"0":{"name":"(anonymous_0)","decl":{"start":{"line":1,"column":19},"end":{"line":1,"column":20}},"loc":{"start":{"line":1,"column":28},"end":{"line":3,"column":1}},"line":1}},"branchMap":{},"s":{"0":1,"1":2,"2":1},"f":{"0":2},"b":{},"_coverageSchema":"1a1c01bbd47fc00a2c39e90264f33305004495a9","hash":"18743d8939b5f7d8676fc3ba4ec9f22d297a8d1f"}
,"/Users/drewwilson/Desktop/coding_personal/algo_data_structure_course/jest_testing/sum.js": {"path":"/Users/drewwilson/Desktop/coding_personal/algo_data_structure_course/jest_testing/sum.js","statementMap":{"0":{"start":{"line":1,"column":12},"end":{"line":3,"column":1}},"1":{"start":{"line":2,"column":4},"end":{"line":2,"column":22}},"2":{"start":{"line":5,"column":0},"end":{"line":5,"column":21}}},"fnMap":{"0":{"name":"(anonymous_0)","decl":{"start":{"line":1,"column":12},"end":{"line":1,"column":13}},"loc":{"start":{"line":1,"column":28},"end":{"line":3,"column":1}},"line":1}},"branchMap":{},"s":{"0":1,"1":1,"2":1},"f":{"0":1},"b":{},"_coverageSchema":"1a1c01bbd47fc00a2c39e90264f33305004495a9","hash":"997f2807bcc9c93c678090e4c4069ab729ac1b4c"}
,"/Users/drewwilson/Desktop/coding_personal/algo_data_structure_course/jest_testing/HackerRank/gradingStudents.js": {"path":"/Users/drewwilson/Desktop/coding_personal/algo_data_structure_course/jest_testing/HackerRank/gradingStudents.js","statementMap":{"0":{"start":{"line":2,"column":21},"end":{"line":2,"column":23}},"1":{"start":{"line":3,"column":4},"end":{"line":13,"column":5}},"2":{"start":{"line":4,"column":8},"end":{"line":12,"column":9}},"3":{"start":{"line":5,"column":12},"end":{"line":5,"column":34}},"4":{"start":{"line":6,"column":15},"end":{"line":12,"column":9}},"5":{"start":{"line":7,"column":12},"end":{"line":7,"column":38}},"6":{"start":{"line":8,"column":15},"end":{"line":12,"column":9}},"7":{"start":{"line":9,"column":12},"end":{"line":9,"column":38}},"8":{"start":{"line":11,"column":12},"end":{"line":11,"column":34}},"9":{"start":{"line":14,"column":4},"end":{"line":14,"column":22}},"10":{"start":{"line":17,"column":0},"end":{"line":17,"column":33}}},"fnMap":{"0":{"name":"gradingStudents","decl":{"start":{"line":1,"column":9},"end":{"line":1,"column":24}},"loc":{"start":{"line":1,"column":33},"end":{"line":15,"column":1}},"line":1}},"branchMap":{"0":{"loc":{"start":{"line":4,"column":8},"end":{"line":12,"column":9}},"type":"if","locations":[{"start":{"line":4,"column":8},"end":{"line":12,"column":9}},{"start":{"line":4,"column":8},"end":{"line":12,"column":9}}],"line":4},"1":{"loc":{"start":{"line":6,"column":15},"end":{"line":12,"column":9}},"type":"if","locations":[{"start":{"line":6,"column":15},"end":{"line":12,"column":9}},{"start":{"line":6,"column":15},"end":{"line":12,"column":9}}],"line":6},"2":{"loc":{"start":{"line":8,"column":15},"end":{"line":12,"column":9}},"type":"if","locations":[{"start":{"line":8,"column":15},"end":{"line":12,"column":9}},{"start":{"line":8,"column":15},"end":{"line":12,"column":9}}],"line":8}},"s":{"0":4,"1":4,"2":24,"3":4,"4":20,"5":8,"6":12,"7":4,"8":8,"9":4,"10":1},"f":{"0":4},"b":{"0":[4,20],"1":[8,12],"2":[4,8]},"_coverageSchema":"1a1c01bbd47fc00a2c39e90264f33305004495a9","hash":"a7d03d670d923f0fc5605ee26635d8995d2faf88"}
}
