TN:
SF:jest_testing/cloneArray.js
FN:1,(anonymous_0)
FNF:1
FNH:1
FNDA:2,(anonymous_0)
DA:1,1
DA:2,2
DA:4,1
LF:3
LH:3
BRF:0
BRH:0
end_of_record
TN:
SF:jest_testing/sum.js
FN:1,(anonymous_0)
FNF:1
FNH:1
FNDA:1,(anonymous_0)
DA:1,1
DA:2,1
DA:5,1
LF:3
LH:3
BRF:0
BRH:0
end_of_record
TN:
SF:jest_testing/HackerRank/gradingStudents.js
FN:1,gradingStudents
FNF:1
FNH:1
FNDA:4,gradingStudents
DA:2,4
DA:3,4
DA:4,24
DA:5,4
DA:6,20
DA:7,8
DA:8,12
DA:9,4
DA:11,8
DA:14,4
DA:17,1
LF:11
LH:11
BRDA:4,0,0,4
BRDA:4,0,1,20
BRDA:6,1,0,8
BRDA:6,1,1,12
BRDA:8,2,0,4
BRDA:8,2,1,8
BRF:6
BRH:6
end_of_record
